[demo-simplecybersite.nicepage.io/index.html]
[backblue.gif]
[fade.gif]
[index.html]
[capp.nicepage.com/fa51e2c202e89b020d804a4cb5f1097828422826/nicepage.css]
[demo-simplecybersite.nicepage.io/SimpleCyber.css]
[capp.nicepage.com/fa51e2c202e89b020d804a4cb5f1097828422826/nicepage.js]
[demo-simplecybersite.nicepage.io/SimpleCyber.html]
[demo-simplecybersite.nicepage.io/nicepage-site.css]
[capp.nicepage.com/assets/jquery-3.5.1.min.js]
[assets.nicepage.io/af1aea15/2843676/images/cropped-win-1536x412.png]
[assets.nicepage.io/af1aea15/2843676/images/2989981-648b7e34.png]
[assets.nicepage.io/af1aea15/2843676/images/tab-bg.jpg]
[assets.nicepage.io/af1aea15/2843676/images/shape2.png]
[assets.nicepage.io/af1aea15/2843676/images/shape3.png]
[demo-simplecybersite.nicepage.io/index.html]
[capp.nicepage.com/fa51e2c202e89b020d804a4cb5f1097828422826/nicepage.css]
[demo-simplecybersite.nicepage.io/nicepage-site.css]
[assets.nicepage.io/af1aea15/2843676/images/hero-img-1-b.png]
[assets.nicepage.io/af1aea15/2843676/images/footer-bg.jpg]
[assets.nicepage.io/af1aea15/2843676/images/c-bg-1a.png]
[assets.nicepage.io/af1aea15/2843676/images/c-1.png]
[assets.nicepage.io/af1aea15/2843676/images/c-3.png]
[assets.nicepage.io/af1aea15/2843676/images/c-4.png]
[assets.nicepage.io/af1aea15/2843676/images/2.png]
[assets.nicepage.io/af1aea15/2843676/images/hero-img-1s.png]
[assets.nicepage.io/af1aea15/2843676/images/about-img-1a.png]
[demo-simplecybersite.nicepage.io/SimpleCyber.css]
[capp.nicepage.com/fa51e2c202e89b020d804a4cb5f1097828422826/nicepage.js]
[demo-simplecybersite.nicepage.io/SimpleCyber.html]
[demo-simplecybersite.nicepage.io/Content/BundledScripts/index.html]
[demo-simplecybersite.nicepage.io/Content/BundledScripts/index.html]
[demo-simplecybersite.nicepage.io/ABCDEFGHIJKLMNOPQRSTUVWXYZabcdefghijklmnopqrstuvwxyz0123456789+/index.html]
[demo-simplecybersite.nicepage.io/ABCDEFGHIJKLMNOPQRSTUVWXYZabcdefghijklmnopqrstuvwxyz0123456789+/index.html]
